生成启动时间为 2016/3/30 星期三 23:03:18。
     1>项目“G:\OPENCV_WORKSPACE\ATS\ATS\ATS.vcxproj”在节点 2 上(Build 个目标)。
     1>ClCompile:
         G:\Program Files (x86)\Microsoft Visual Studio 11.0\VC\bin\CL.exe /c /ZI /nologo /W3 /WX- /Od /Oy- /D WIN32 /D _DEBUG /D _CONSOLE /D _UNICODE /D UNICODE /Gm /EHsc /RTC1 /MDd /GS /fp:precise /Zc:wchar_t /Zc:forScope /Fo"Debug\\" /Fd"Debug\vc110.pdb" /Gd /TP /analyze- /errorReport:prompt ats.cpp main.cpp
         ats.cpp
     1>g:\opencv3\opencv\build\include\opencv2\core\mat.hpp(1965): warning C4819: 该文件包含不能在当前代码页(936)中表示的字符。请将该文件保存为 Unicode 格式以防止数据丢失
     1>g:\opencv3\opencv\build\include\opencv2\core\persistence.hpp : warning C4819: 该文件包含不能在当前代码页(936)中表示的字符。请将该文件保存为 Unicode 格式以防止数据丢失
     1>g:\opencv3\opencv\build\include\opencv2\core\utility.hpp : warning C4819: 该文件包含不能在当前代码页(936)中表示的字符。请将该文件保存为 Unicode 格式以防止数据丢失
     1>g:\opencv_workspace\ats\ats\ats.h(201): warning C4244: “参数”: 从“int”转换到“float”，可能丢失数据
     1>g:\opencv_workspace\ats\ats\ats.h(232): warning C4244: “参数”: 从“int”转换到“float”，可能丢失数据
     1>g:\opencv_workspace\ats\ats\ats.h(240): warning C4305: “return”: 从“double”到“float”截断
     1>g:\opencv_workspace\ats\ats\ats.h(243): warning C4244: “return”: 从“double”转换到“float”，可能丢失数据
     1>g:\opencv_workspace\ats\ats\ats.h(248): warning C4244: “return”: 从“double”转换到“float”，可能丢失数据
     1>g:\opencv_workspace\ats\ats\ats.h(255): warning C4244: “return”: 从“double”转换到“int”，可能丢失数据
     1>g:\opencv_workspace\ats\ats\ats.h(261): warning C4244: “return”: 从“double”转换到“int”，可能丢失数据
     1>g:\opencv_workspace\ats\ats\ats.h(311): warning C4244: “return”: 从“float”转换到“int”，可能丢失数据
     1>g:\opencv_workspace\ats\ats\ats.h(370): warning C4018: “<”: 有符号/无符号不匹配
     1>g:\opencv_workspace\ats\ats\ats.h(441): warning C4244: “初始化”: 从“double”转换到“float”，可能丢失数据
     1>g:\opencv_workspace\ats\ats\ats.h(582): warning C4996: 'fopen': This function or variable may be unsafe. Consider using fopen_s instead. To disable deprecation, use _CRT_SECURE_NO_WARNINGS. See online help for details.
                 g:\program files (x86)\microsoft visual studio 11.0\vc\include\stdio.h(218) : 参见“fopen”的声明
     1>g:\opencv_workspace\ats\ats\ats.h(590): warning C4996: 'fscanf': This function or variable may be unsafe. Consider using fscanf_s instead. To disable deprecation, use _CRT_SECURE_NO_WARNINGS. See online help for details.
                 g:\program files (x86)\microsoft visual studio 11.0\vc\include\stdio.h(237) : 参见“fscanf”的声明
     1>g:\opencv_workspace\ats\ats\ats.h(640): warning C4244: “return”: 从“float”转换到“int”，可能丢失数据
     1>g:\opencv_workspace\ats\ats\ats.h(795): warning C4244: “return”: 从“double”转换到“float”，可能丢失数据
     1>g:\opencv_workspace\ats\ats\ats.h(865): warning C4244: “return”: 从“double”转换到“float”，可能丢失数据
     1>g:\opencv_workspace\ats\ats\ats.h(875): warning C4244: “参数”: 从“double”转换到“float”，可能丢失数据
     1>g:\opencv_workspace\ats\ats\ats.h(891): warning C4244: “参数”: 从“double”转换到“float”，可能丢失数据
     1>g:\opencv_workspace\ats\ats\ats.h(955): warning C4244: “参数”: 从“double”转换到“float”，可能丢失数据
     1>g:\opencv_workspace\ats\ats\ats.h(959): warning C4244: “初始化”: 从“int”转换到“float”，可能丢失数据
     1>g:\opencv_workspace\ats\ats\ats.h(960): warning C4244: “初始化”: 从“int”转换到“float”，可能丢失数据
     1>g:\opencv_workspace\ats\ats\ats.h(961): warning C4244: “参数”: 从“double”转换到“float”，可能丢失数据
     1>g:\opencv_workspace\ats\ats\ats.h(994): warning C4996: 'sprintf': This function or variable may be unsafe. Consider using sprintf_s instead. To disable deprecation, use _CRT_SECURE_NO_WARNINGS. See online help for details.
                 g:\program files (x86)\microsoft visual studio 11.0\vc\include\stdio.h(357) : 参见“sprintf”的声明
     1>g:\opencv_workspace\ats\ats\ats.h(1011): warning C4996: 'fopen': This function or variable may be unsafe. Consider using fopen_s instead. To disable deprecation, use _CRT_SECURE_NO_WARNINGS. See online help for details.
                 g:\program files (x86)\microsoft visual studio 11.0\vc\include\stdio.h(218) : 参见“fopen”的声明
     1>g:\opencv_workspace\ats\ats\ats.h(1112): warning C4996: 'fopen': This function or variable may be unsafe. Consider using fopen_s instead. To disable deprecation, use _CRT_SECURE_NO_WARNINGS. See online help for details.
                 g:\program files (x86)\microsoft visual studio 11.0\vc\include\stdio.h(218) : 参见“fopen”的声明
     1>g:\opencv_workspace\ats\ats\ats.h(1149): warning C4996: 'fopen': This function or variable may be unsafe. Consider using fopen_s instead. To disable deprecation, use _CRT_SECURE_NO_WARNINGS. See online help for details.
                 g:\program files (x86)\microsoft visual studio 11.0\vc\include\stdio.h(218) : 参见“fopen”的声明
     1>g:\opencv_workspace\ats\ats\ats.h(1307): warning C4244: “+=”: 从“double”转换到“float”，可能丢失数据
     1>g:\opencv_workspace\ats\ats\ats.h(1986): warning C4018: “<”: 有符号/无符号不匹配
     1>g:\opencv_workspace\ats\ats\ats.cpp(77): warning C4244: “return”: 从“double”转换到“int”，可能丢失数据
     1>g:\opencv_workspace\ats\ats\ats.cpp(115): warning C4244: “参数”: 从“double”转换到“int”，可能丢失数据
     1>g:\opencv_workspace\ats\ats\ats.cpp(122): warning C4996: 'sprintf': This function or variable may be unsafe. Consider using sprintf_s instead. To disable deprecation, use _CRT_SECURE_NO_WARNINGS. See online help for details.
                 g:\program files (x86)\microsoft visual studio 11.0\vc\include\stdio.h(357) : 参见“sprintf”的声明
     1>g:\opencv_workspace\ats\ats\ats.cpp(130): warning C4996: 'sprintf': This function or variable may be unsafe. Consider using sprintf_s instead. To disable deprecation, use _CRT_SECURE_NO_WARNINGS. See online help for details.
                 g:\program files (x86)\microsoft visual studio 11.0\vc\include\stdio.h(357) : 参见“sprintf”的声明
     1>g:\opencv_workspace\ats\ats\ats.cpp(137): warning C4996: 'sprintf': This function or variable may be unsafe. Consider using sprintf_s instead. To disable deprecation, use _CRT_SECURE_NO_WARNINGS. See online help for details.
                 g:\program files (x86)\microsoft visual studio 11.0\vc\include\stdio.h(357) : 参见“sprintf”的声明
     1>g:\opencv_workspace\ats\ats\ats.cpp(281): warning C4018: “<”: 有符号/无符号不匹配
     1>g:\opencv_workspace\ats\ats\ats.cpp(334): warning C4018: “<”: 有符号/无符号不匹配
     1>g:\opencv_workspace\ats\ats\ats.cpp(388): warning C4996: 'sprintf': This function or variable may be unsafe. Consider using sprintf_s instead. To disable deprecation, use _CRT_SECURE_NO_WARNINGS. See online help for details.
                 g:\program files (x86)\microsoft visual studio 11.0\vc\include\stdio.h(357) : 参见“sprintf”的声明
     1>g:\opencv_workspace\ats\ats\ats.cpp(411): warning C4996: 'fopen': This function or variable may be unsafe. Consider using fopen_s instead. To disable deprecation, use _CRT_SECURE_NO_WARNINGS. See online help for details.
                 g:\program files (x86)\microsoft visual studio 11.0\vc\include\stdio.h(218) : 参见“fopen”的声明
     1>g:\opencv_workspace\ats\ats\ats.cpp(423): warning C4018: “<”: 有符号/无符号不匹配
     1>g:\opencv_workspace\ats\ats\ats.cpp(431): warning C4018: “<”: 有符号/无符号不匹配
     1>g:\opencv_workspace\ats\ats\ats.cpp(450): warning C4996: 'sprintf': This function or variable may be unsafe. Consider using sprintf_s instead. To disable deprecation, use _CRT_SECURE_NO_WARNINGS. See online help for details.
                 g:\program files (x86)\microsoft visual studio 11.0\vc\include\stdio.h(357) : 参见“sprintf”的声明
     1>g:\opencv_workspace\ats\ats\ats.cpp(451): warning C4996: 'sprintf': This function or variable may be unsafe. Consider using sprintf_s instead. To disable deprecation, use _CRT_SECURE_NO_WARNINGS. See online help for details.
                 g:\program files (x86)\microsoft visual studio 11.0\vc\include\stdio.h(357) : 参见“sprintf”的声明
     1>g:\opencv_workspace\ats\ats\ats.cpp(534): warning C4244: “+=”: 从“double”转换到“float”，可能丢失数据
     1>g:\opencv_workspace\ats\ats\ats.cpp(535): warning C4244: “+=”: 从“double”转换到“float”，可能丢失数据
     1>g:\opencv_workspace\ats\ats\ats.cpp(539): warning C4244: “return”: 从“double”转换到“float”，可能丢失数据
     1>g:\opencv_workspace\ats\ats\ats.cpp(591): warning C4244: “return”: 从“double”转换到“int”，可能丢失数据
     1>g:\opencv_workspace\ats\ats\ats.cpp(595): warning C4244: “return”: 从“double”转换到“int”，可能丢失数据
     1>g:\opencv_workspace\ats\ats\ats.cpp(665): warning C4018: “<”: 有符号/无符号不匹配
     1>g:\opencv_workspace\ats\ats\ats.cpp(668): warning C4244: “参数”: 从“int”转换到“float”，可能丢失数据
     1>g:\opencv_workspace\ats\ats\ats.cpp(692): warning C4244: “参数”: 从“double”转换到“float”，可能丢失数据
     1>g:\opencv_workspace\ats\ats\ats.cpp(698): warning C4244: “参数”: 从“double”转换到“float”，可能丢失数据
     1>g:\opencv_workspace\ats\ats\ats.cpp(700): warning C4244: “参数”: 从“double”转换到“float”，可能丢失数据
     1>g:\opencv_workspace\ats\ats\ats.cpp(778): warning C4018: “<”: 有符号/无符号不匹配
     1>g:\opencv_workspace\ats\ats\ats.cpp(783): warning C4244: “=”: 从“double”转换到“int”，可能丢失数据
     1>g:\opencv_workspace\ats\ats\ats.cpp(855): warning C4244: “=”: 从“double”转换到“int”，可能丢失数据
     1>g:\opencv_workspace\ats\ats\ats.cpp(869): warning C4018: “<”: 有符号/无符号不匹配
         正在生成代码...
         正在编译...
         main.cpp
     1>g:\opencv3\opencv\build\include\opencv2\core\mat.hpp(1965): warning C4819: 该文件包含不能在当前代码页(936)中表示的字符。请将该文件保存为 Unicode 格式以防止数据丢失
     1>g:\opencv3\opencv\build\include\opencv2\core\persistence.hpp : warning C4819: 该文件包含不能在当前代码页(936)中表示的字符。请将该文件保存为 Unicode 格式以防止数据丢失
     1>g:\opencv3\opencv\build\include\opencv2\core\utility.hpp : warning C4819: 该文件包含不能在当前代码页(936)中表示的字符。请将该文件保存为 Unicode 格式以防止数据丢失
     1>g:\opencv_workspace\ats\ats\ats.h(201): warning C4244: “参数”: 从“int”转换到“float”，可能丢失数据
     1>g:\opencv_workspace\ats\ats\ats.h(232): warning C4244: “参数”: 从“int”转换到“float”，可能丢失数据
     1>g:\opencv_workspace\ats\ats\ats.h(240): warning C4305: “return”: 从“double”到“float”截断
     1>g:\opencv_workspace\ats\ats\ats.h(243): warning C4244: “return”: 从“double”转换到“float”，可能丢失数据
     1>g:\opencv_workspace\ats\ats\ats.h(248): warning C4244: “return”: 从“double”转换到“float”，可能丢失数据
     1>g:\opencv_workspace\ats\ats\ats.h(255): warning C4244: “return”: 从“double”转换到“int”，可能丢失数据
     1>g:\opencv_workspace\ats\ats\ats.h(261): warning C4244: “return”: 从“double”转换到“int”，可能丢失数据
     1>g:\opencv_workspace\ats\ats\ats.h(311): warning C4244: “return”: 从“float”转换到“int”，可能丢失数据
     1>g:\opencv_workspace\ats\ats\ats.h(370): warning C4018: “<”: 有符号/无符号不匹配
     1>g:\opencv_workspace\ats\ats\ats.h(441): warning C4244: “初始化”: 从“double”转换到“float”，可能丢失数据
     1>g:\opencv_workspace\ats\ats\ats.h(582): warning C4996: 'fopen': This function or variable may be unsafe. Consider using fopen_s instead. To disable deprecation, use _CRT_SECURE_NO_WARNINGS. See online help for details.
                 g:\program files (x86)\microsoft visual studio 11.0\vc\include\stdio.h(218) : 参见“fopen”的声明
     1>g:\opencv_workspace\ats\ats\ats.h(590): warning C4996: 'fscanf': This function or variable may be unsafe. Consider using fscanf_s instead. To disable deprecation, use _CRT_SECURE_NO_WARNINGS. See online help for details.
                 g:\program files (x86)\microsoft visual studio 11.0\vc\include\stdio.h(237) : 参见“fscanf”的声明
     1>g:\opencv_workspace\ats\ats\ats.h(640): warning C4244: “return”: 从“float”转换到“int”，可能丢失数据
     1>g:\opencv_workspace\ats\ats\ats.h(795): warning C4244: “return”: 从“double”转换到“float”，可能丢失数据
     1>g:\opencv_workspace\ats\ats\ats.h(865): warning C4244: “return”: 从“double”转换到“float”，可能丢失数据
     1>g:\opencv_workspace\ats\ats\ats.h(875): warning C4244: “参数”: 从“double”转换到“float”，可能丢失数据
     1>g:\opencv_workspace\ats\ats\ats.h(891): warning C4244: “参数”: 从“double”转换到“float”，可能丢失数据
     1>g:\opencv_workspace\ats\ats\ats.h(955): warning C4244: “参数”: 从“double”转换到“float”，可能丢失数据
     1>g:\opencv_workspace\ats\ats\ats.h(959): warning C4244: “初始化”: 从“int”转换到“float”，可能丢失数据
     1>g:\opencv_workspace\ats\ats\ats.h(960): warning C4244: “初始化”: 从“int”转换到“float”，可能丢失数据
     1>g:\opencv_workspace\ats\ats\ats.h(961): warning C4244: “参数”: 从“double”转换到“float”，可能丢失数据
     1>g:\opencv_workspace\ats\ats\ats.h(994): warning C4996: 'sprintf': This function or variable may be unsafe. Consider using sprintf_s instead. To disable deprecation, use _CRT_SECURE_NO_WARNINGS. See online help for details.
                 g:\program files (x86)\microsoft visual studio 11.0\vc\include\stdio.h(357) : 参见“sprintf”的声明
     1>g:\opencv_workspace\ats\ats\ats.h(1011): warning C4996: 'fopen': This function or variable may be unsafe. Consider using fopen_s instead. To disable deprecation, use _CRT_SECURE_NO_WARNINGS. See online help for details.
                 g:\program files (x86)\microsoft visual studio 11.0\vc\include\stdio.h(218) : 参见“fopen”的声明
     1>g:\opencv_workspace\ats\ats\ats.h(1112): warning C4996: 'fopen': This function or variable may be unsafe. Consider using fopen_s instead. To disable deprecation, use _CRT_SECURE_NO_WARNINGS. See online help for details.
                 g:\program files (x86)\microsoft visual studio 11.0\vc\include\stdio.h(218) : 参见“fopen”的声明
     1>g:\opencv_workspace\ats\ats\ats.h(1149): warning C4996: 'fopen': This function or variable may be unsafe. Consider using fopen_s instead. To disable deprecation, use _CRT_SECURE_NO_WARNINGS. See online help for details.
                 g:\program files (x86)\microsoft visual studio 11.0\vc\include\stdio.h(218) : 参见“fopen”的声明
     1>g:\opencv_workspace\ats\ats\ats.h(1307): warning C4244: “+=”: 从“double”转换到“float”，可能丢失数据
     1>g:\opencv_workspace\ats\ats\ats.h(1986): warning C4018: “<”: 有符号/无符号不匹配
     1>g:\opencv_workspace\ats\ats\main.cpp(31): warning C4996: 'sprintf': This function or variable may be unsafe. Consider using sprintf_s instead. To disable deprecation, use _CRT_SECURE_NO_WARNINGS. See online help for details.
                 g:\program files (x86)\microsoft visual studio 11.0\vc\include\stdio.h(357) : 参见“sprintf”的声明
     1>g:\opencv_workspace\ats\ats\main.cpp(34): warning C4996: 'sprintf': This function or variable may be unsafe. Consider using sprintf_s instead. To disable deprecation, use _CRT_SECURE_NO_WARNINGS. See online help for details.
                 g:\program files (x86)\microsoft visual studio 11.0\vc\include\stdio.h(357) : 参见“sprintf”的声明
     1>g:\opencv_workspace\ats\ats\main.cpp(60): warning C4996: 'sprintf': This function or variable may be unsafe. Consider using sprintf_s instead. To disable deprecation, use _CRT_SECURE_NO_WARNINGS. See online help for details.
                 g:\program files (x86)\microsoft visual studio 11.0\vc\include\stdio.h(357) : 参见“sprintf”的声明
     1>g:\opencv_workspace\ats\ats\main.cpp(66): warning C4996: 'sprintf': This function or variable may be unsafe. Consider using sprintf_s instead. To disable deprecation, use _CRT_SECURE_NO_WARNINGS. See online help for details.
                 g:\program files (x86)\microsoft visual studio 11.0\vc\include\stdio.h(357) : 参见“sprintf”的声明
     1>g:\opencv_workspace\ats\ats\main.cpp(81): warning C4305: “参数”: 从“double”到“float”截断
     1>g:\opencv_workspace\ats\ats\main.cpp(96): warning C4996: 'sprintf': This function or variable may be unsafe. Consider using sprintf_s instead. To disable deprecation, use _CRT_SECURE_NO_WARNINGS. See online help for details.
                 g:\program files (x86)\microsoft visual studio 11.0\vc\include\stdio.h(357) : 参见“sprintf”的声明
     1>g:\opencv_workspace\ats\ats\main.cpp(99): warning C4996: 'sprintf': This function or variable may be unsafe. Consider using sprintf_s instead. To disable deprecation, use _CRT_SECURE_NO_WARNINGS. See online help for details.
                 g:\program files (x86)\microsoft visual studio 11.0\vc\include\stdio.h(357) : 参见“sprintf”的声明
     1>g:\opencv_workspace\ats\ats\main.cpp(125): warning C4996: 'sprintf': This function or variable may be unsafe. Consider using sprintf_s instead. To disable deprecation, use _CRT_SECURE_NO_WARNINGS. See online help for details.
                 g:\program files (x86)\microsoft visual studio 11.0\vc\include\stdio.h(357) : 参见“sprintf”的声明
     1>g:\opencv_workspace\ats\ats\main.cpp(131): warning C4996: 'sprintf': This function or variable may be unsafe. Consider using sprintf_s instead. To disable deprecation, use _CRT_SECURE_NO_WARNINGS. See online help for details.
                 g:\program files (x86)\microsoft visual studio 11.0\vc\include\stdio.h(357) : 参见“sprintf”的声明
     1>g:\opencv_workspace\ats\ats\main.cpp(146): warning C4996: 'sprintf': This function or variable may be unsafe. Consider using sprintf_s instead. To disable deprecation, use _CRT_SECURE_NO_WARNINGS. See online help for details.
                 g:\program files (x86)\microsoft visual studio 11.0\vc\include\stdio.h(357) : 参见“sprintf”的声明
     1>g:\opencv_workspace\ats\ats\main.cpp(154): warning C4996: 'sprintf': This function or variable may be unsafe. Consider using sprintf_s instead. To disable deprecation, use _CRT_SECURE_NO_WARNINGS. See online help for details.
                 g:\program files (x86)\microsoft visual studio 11.0\vc\include\stdio.h(357) : 参见“sprintf”的声明
         正在生成代码...
       Link:
         G:\Program Files (x86)\Microsoft Visual Studio 11.0\VC\bin\link.exe /ERRORREPORT:PROMPT /OUT:"G:\OPENCV_WORKSPACE\ATS\Debug\ATS.exe" /INCREMENTAL /NOLOGO opencv_ts300d.lib opencv_world300d.lib IlmImfd.lib libjasperd.lib libjpegd.lib libpngd.lib libtiffd.lib libwebpd.lib opencv_calib3d300d.lib opencv_core300d.lib opencv_features2d300d.lib opencv_flann300d.lib opencv_highgui300d.lib opencv_imgcodecs300d.lib opencv_imgproc300d.lib opencv_ml300d.lib opencv_objdetect300d.lib opencv_photo300d.lib opencv_shape300d.lib opencv_stitching300d.lib opencv_superres300d.lib opencv_video300d.lib opencv_videoio300d.lib opencv_videostab300d.lib zlibd.lib kernel32.lib user32.lib gdi32.lib winspool.lib comdlg32.lib advapi32.lib shell32.lib ole32.lib oleaut32.lib uuid.lib odbc32.lib odbccp32.lib /MANIFEST /MANIFESTUAC:"level='asInvoker' uiAccess='false'" /manifest:embed /DEBUG /PDB:"G:\OPENCV_WORKSPACE\ATS\Debug\ATS.pdb" /SUBSYSTEM:CONSOLE /TLBID:1 /DYNAMICBASE /NXCOMPAT /IMPLIB:"G:\OPENCV_WORKSPACE\ATS\Debug\ATS.lib" /MACHINE:X86 Debug\ats.obj
         Debug\main.obj
         ATS.vcxproj -> G:\OPENCV_WORKSPACE\ATS\Debug\ATS.exe
     1>已完成生成项目“G:\OPENCV_WORKSPACE\ATS\ATS\ATS.vcxproj”(Build 个目标)的操作。

生成成功。

已用时间 00:00:05.21
